Build started 7/14/2017 12:41:09 PM.
     1>Project "D:\Visual Studio Projects\xeno-master\Xeno-Core\Xeno-Core.vcxproj" on node 2 (Rebuild target(s)).
     1>ClCompile:
         C:\Program Files (x86)\Microsoft Visual Studio 14.0\VC\bin\x86_amd64\CL.exe /c /ZI /nologo /W3 /WX- /sdl /Od /D _MBCS /Gm /EHsc /RTC1 /MDd /GS /fp:precise /Zc:wchar_t /Zc:forScope /Zc:inline /Fo"x64\Debug\\" /Fd"x64\Debug\vc140.pdb" /Gd /TP /errorReport:prompt main.cpp src\graphics\batchRenderer2D.cpp src\graphics\buffers\buffer.cpp src\graphics\buffers\indexbuffer.cpp src\graphics\buffers\vertexarray.cpp src\graphics\Simple2DRenderer.cpp src\graphics\shader.cpp src\graphics\sprite.cpp src\graphics\static_sprite.cpp src\graphics\window.cpp src\maths\mat4.cpp src\maths\vec2.cpp src\maths\vec3.cpp src\maths\vec4.cpp
         vec4.cpp
         vec3.cpp
         vec2.cpp
         mat4.cpp
         window.cpp
     1>d:\visual studio projects\xeno-master\xeno-core\src\graphics\window.h(4): fatal error C1083: Cannot open include file: 'GL/glew.h': No such file or directory
         static_sprite.cpp
     1>d:\visual studio projects\xeno-master\xeno-core\src\graphics\buffers\buffer.h(3): fatal error C1083: Cannot open include file: 'GL/glew.h': No such file or directory
         sprite.cpp
         shader.cpp
     1>d:\visual studio projects\xeno-master\xeno-core\src\graphics\shader.h(3): fatal error C1083: Cannot open include file: 'GL/glew.h': No such file or directory
         Simple2DRenderer.cpp
     1>d:\visual studio projects\xeno-master\xeno-core\src\graphics\renderer2d.h(3): fatal error C1083: Cannot open include file: 'GL/glew.h': No such file or directory
         vertexarray.cpp
     1>d:\visual studio projects\xeno-master\xeno-core\src\graphics\buffers\vertexarray.h(4): fatal error C1083: Cannot open include file: 'GL/glew.h': No such file or directory
         indexbuffer.cpp
     1>d:\visual studio projects\xeno-master\xeno-core\src\graphics\buffers\indexbuffer.h(3): fatal error C1083: Cannot open include file: 'GL/glew.h': No such file or directory
         buffer.cpp
     1>d:\visual studio projects\xeno-master\xeno-core\src\graphics\buffers\buffer.h(3): fatal error C1083: Cannot open include file: 'GL/glew.h': No such file or directory
         batchRenderer2D.cpp
     1>d:\visual studio projects\xeno-master\xeno-core\src\graphics\renderer2d.h(3): fatal error C1083: Cannot open include file: 'GL/glew.h': No such file or directory
         main.cpp
     1>d:\visual studio projects\xeno-master\xeno-core\src\graphics\window.h(4): fatal error C1083: Cannot open include file: 'GL/glew.h': No such file or directory
         Generating Code...
     1>Done Building Project "D:\Visual Studio Projects\xeno-master\Xeno-Core\Xeno-Core.vcxproj" (Rebuild target(s)) -- FAILED.

Build FAILED.

Time Elapsed 00:00:06.19
