  main.cpp
e:\softwares\visualstudio projects\xeno\xeno-core\src\graphics\renderable2D.h(48): warning C4244: 'initializing': conversion from 'double' to 'int', possible loss of data
e:\softwares\visualstudio projects\xeno\xeno-core\src\graphics\renderable2D.h(49): warning C4244: 'initializing': conversion from 'double' to 'int', possible loss of data
e:\softwares\visualstudio projects\xeno\xeno-core\src\graphics\renderable2D.h(50): warning C4244: 'initializing': conversion from 'double' to 'int', possible loss of data
e:\softwares\visualstudio projects\xeno\xeno-core\src\graphics\renderable2D.h(51): warning C4244: 'initializing': conversion from 'double' to 'int', possible loss of data
main.cpp(91): warning C4018: '<': signed/unsigned mismatch
libvorbis.lib(vorbisfile.obj) : warning LNK4075: ignoring '/EDITANDCONTINUE' due to '/OPT:ICF' specification
LINK : warning LNK4098: defaultlib 'LIBCMT' conflicts with use of other libs; use /NODEFAULTLIB:library
LINK : warning LNK4098: defaultlib 'MSVCRTD' conflicts with use of other libs; use /NODEFAULTLIB:library
  Generating code
  2 of 2507 functions ( 0.1%) were compiled, the rest were copied from previous compilation.
    0 functions were new in current compilation
    14 functions had inline decision re-evaluated but remain unchanged
  Finished generating code
glew32s.lib(glew.obj) : warning LNK4099: PDB 'vc120.pdb' was not found with 'glew32s.lib(glew.obj)' or at 'E:\Softwares\VisualStudio Projects\Xeno\bin\Release\vc120.pdb'; linking object as if no debug info
libvorbis.lib(analysis.obj) : warning LNK4099: PDB 'libvorbis.pdb' was not found with 'libvorbis.lib(analysis.obj)' or at 'E:\Softwares\VisualStudio Projects\Xeno\bin\Release\libvorbis.pdb'; linking object as if no debug info
libvorbis.lib(bitrate.obj) : warning LNK4099: PDB 'libvorbis.pdb' was not found with 'libvorbis.lib(bitrate.obj)' or at 'E:\Softwares\VisualStudio Projects\Xeno\bin\Release\libvorbis.pdb'; linking object as if no debug info
libvorbis.lib(block.obj) : warning LNK4099: PDB 'libvorbis.pdb' was not found with 'libvorbis.lib(block.obj)' or at 'E:\Softwares\VisualStudio Projects\Xeno\bin\Release\libvorbis.pdb'; linking object as if no debug info
libvorbis.lib(codebook.obj) : warning LNK4099: PDB 'libvorbis.pdb' was not found with 'libvorbis.lib(codebook.obj)' or at 'E:\Softwares\VisualStudio Projects\Xeno\bin\Release\libvorbis.pdb'; linking object as if no debug info
libvorbis.lib(envelope.obj) : warning LNK4099: PDB 'libvorbis.pdb' was not found with 'libvorbis.lib(envelope.obj)' or at 'E:\Softwares\VisualStudio Projects\Xeno\bin\Release\libvorbis.pdb'; linking object as if no debug info
libvorbis.lib(floor0.obj) : warning LNK4099: PDB 'libvorbis.pdb' was not found with 'libvorbis.lib(floor0.obj)' or at 'E:\Softwares\VisualStudio Projects\Xeno\bin\Release\libvorbis.pdb'; linking object as if no debug info
libvorbis.lib(floor1.obj) : warning LNK4099: PDB 'libvorbis.pdb' was not found with 'libvorbis.lib(floor1.obj)' or at 'E:\Softwares\VisualStudio Projects\Xeno\bin\Release\libvorbis.pdb'; linking object as if no debug info
libvorbis.lib(info.obj) : warning LNK4099: PDB 'libvorbis.pdb' was not found with 'libvorbis.lib(info.obj)' or at 'E:\Softwares\VisualStudio Projects\Xeno\bin\Release\libvorbis.pdb'; linking object as if no debug info
libvorbis.lib(lpc.obj) : warning LNK4099: PDB 'libvorbis.pdb' was not found with 'libvorbis.lib(lpc.obj)' or at 'E:\Softwares\VisualStudio Projects\Xeno\bin\Release\libvorbis.pdb'; linking object as if no debug info
libvorbis.lib(lsp.obj) : warning LNK4099: PDB 'libvorbis.pdb' was not found with 'libvorbis.lib(lsp.obj)' or at 'E:\Softwares\VisualStudio Projects\Xeno\bin\Release\libvorbis.pdb'; linking object as if no debug info
libvorbis.lib(mapping0.obj) : warning LNK4099: PDB 'libvorbis.pdb' was not found with 'libvorbis.lib(mapping0.obj)' or at 'E:\Softwares\VisualStudio Projects\Xeno\bin\Release\libvorbis.pdb'; linking object as if no debug info
libvorbis.lib(mdct.obj) : warning LNK4099: PDB 'libvorbis.pdb' was not found with 'libvorbis.lib(mdct.obj)' or at 'E:\Softwares\VisualStudio Projects\Xeno\bin\Release\libvorbis.pdb'; linking object as if no debug info
libvorbis.lib(psy.obj) : warning LNK4099: PDB 'libvorbis.pdb' was not found with 'libvorbis.lib(psy.obj)' or at 'E:\Softwares\VisualStudio Projects\Xeno\bin\Release\libvorbis.pdb'; linking object as if no debug info
libvorbis.lib(registry.obj) : warning LNK4099: PDB 'libvorbis.pdb' was not found with 'libvorbis.lib(registry.obj)' or at 'E:\Softwares\VisualStudio Projects\Xeno\bin\Release\libvorbis.pdb'; linking object as if no debug info
libvorbis.lib(res0.obj) : warning LNK4099: PDB 'libvorbis.pdb' was not found with 'libvorbis.lib(res0.obj)' or at 'E:\Softwares\VisualStudio Projects\Xeno\bin\Release\libvorbis.pdb'; linking object as if no debug info
libvorbis.lib(sharedbook.obj) : warning LNK4099: PDB 'libvorbis.pdb' was not found with 'libvorbis.lib(sharedbook.obj)' or at 'E:\Softwares\VisualStudio Projects\Xeno\bin\Release\libvorbis.pdb'; linking object as if no debug info
libvorbis.lib(smallft.obj) : warning LNK4099: PDB 'libvorbis.pdb' was not found with 'libvorbis.lib(smallft.obj)' or at 'E:\Softwares\VisualStudio Projects\Xeno\bin\Release\libvorbis.pdb'; linking object as if no debug info
libvorbis.lib(synthesis.obj) : warning LNK4099: PDB 'libvorbis.pdb' was not found with 'libvorbis.lib(synthesis.obj)' or at 'E:\Softwares\VisualStudio Projects\Xeno\bin\Release\libvorbis.pdb'; linking object as if no debug info
libvorbis.lib(vorbisfile.obj) : warning LNK4099: PDB 'libvorbis.pdb' was not found with 'libvorbis.lib(vorbisfile.obj)' or at 'E:\Softwares\VisualStudio Projects\Xeno\bin\Release\libvorbis.pdb'; linking object as if no debug info
libvorbis.lib(window.obj) : warning LNK4099: PDB 'libvorbis.pdb' was not found with 'libvorbis.lib(window.obj)' or at 'E:\Softwares\VisualStudio Projects\Xeno\bin\Release\libvorbis.pdb'; linking object as if no debug info
libogg.lib(bitwise.obj) : warning LNK4099: PDB 'Project1.pdb' was not found with 'libogg.lib(bitwise.obj)' or at 'E:\Softwares\VisualStudio Projects\Xeno\bin\Release\Project1.pdb'; linking object as if no debug info
libogg.lib(framing.obj) : warning LNK4099: PDB 'Project1.pdb' was not found with 'libogg.lib(framing.obj)' or at 'E:\Softwares\VisualStudio Projects\Xeno\bin\Release\Project1.pdb'; linking object as if no debug info
  Xeno-Core.vcxproj -> E:\Softwares\VisualStudio Projects\Xeno\bin\Release\Xeno-Core.exe
  Xeno-Core.vcxproj -> E:\Softwares\VisualStudio Projects\Xeno\bin\Release\Xeno-Core.pdb (Full PDB)
