e:\softwares\visualstudio projects\xeno\bin\release\intermediates\vc140.pdb
e:\softwares\visualstudio projects\xeno\bin\release\intermediates\ftpfr.obj
e:\softwares\visualstudio projects\xeno\bin\release\intermediates\ftpatent.obj
e:\softwares\visualstudio projects\xeno\bin\release\intermediates\ftotval.obj
e:\softwares\visualstudio projects\xeno\bin\release\intermediates\ftmm.obj
e:\softwares\visualstudio projects\xeno\bin\release\intermediates\ftlcdfil.obj
e:\softwares\visualstudio projects\xeno\bin\release\intermediates\ftinit.obj
e:\softwares\visualstudio projects\xeno\bin\release\intermediates\ftgxval.obj
e:\softwares\visualstudio projects\xeno\bin\release\intermediates\ftglyph.obj
e:\softwares\visualstudio projects\xeno\bin\release\intermediates\ftgasp.obj
e:\softwares\visualstudio projects\xeno\bin\release\intermediates\ftfstype.obj
e:\softwares\visualstudio projects\xeno\bin\release\intermediates\ftfntfmt.obj
e:\softwares\visualstudio projects\xeno\bin\release\intermediates\ftdebug.obj
e:\softwares\visualstudio projects\xeno\bin\release\intermediates\ftbitmap.obj
e:\softwares\visualstudio projects\xeno\bin\release\intermediates\ftbbox.obj
e:\softwares\visualstudio projects\xeno\bin\release\intermediates\ftbase.obj
e:\softwares\visualstudio projects\xeno\bin\release\intermediates\autofit.obj
e:\softwares\visualstudio projects\xeno\bin\release\intermediates\vector.obj
e:\softwares\visualstudio projects\xeno\bin\release\intermediates\texture-font.obj
e:\softwares\visualstudio projects\xeno\bin\release\intermediates\texture-atlas.obj
e:\softwares\visualstudio projects\xeno\bin\release\intermediates\platform.obj
e:\softwares\visualstudio projects\xeno\bin\release\intermediates\truetype.obj
e:\softwares\visualstudio projects\xeno\bin\release\intermediates\smooth.obj
e:\softwares\visualstudio projects\xeno\bin\release\intermediates\sfnt.obj
e:\softwares\visualstudio projects\xeno\bin\release\intermediates\raster.obj
e:\softwares\visualstudio projects\xeno\bin\release\intermediates\psmodule.obj
e:\softwares\visualstudio projects\xeno\bin\release\intermediates\pshinter.obj
e:\softwares\visualstudio projects\xeno\bin\release\intermediates\psaux.obj
e:\softwares\visualstudio projects\xeno\bin\release\intermediates\pfr.obj
e:\softwares\visualstudio projects\xeno\bin\release\intermediates\pcf.obj
e:\softwares\visualstudio projects\xeno\bin\release\intermediates\ftlzw.obj
e:\softwares\visualstudio projects\xeno\bin\release\intermediates\ftgzip.obj
e:\softwares\visualstudio projects\xeno\bin\release\intermediates\type1cid.obj
e:\softwares\visualstudio projects\xeno\bin\release\intermediates\cff.obj
e:\softwares\visualstudio projects\xeno\bin\release\intermediates\ftcache.obj
e:\softwares\visualstudio projects\xeno\bin\release\intermediates\bdf.obj
e:\softwares\visualstudio projects\xeno\bin\release\intermediates\ftwinfnt.obj
e:\softwares\visualstudio projects\xeno\bin\release\intermediates\fttype1.obj
e:\softwares\visualstudio projects\xeno\bin\release\intermediates\ftsystem.obj
e:\softwares\visualstudio projects\xeno\bin\release\intermediates\ftsynth.obj
e:\softwares\visualstudio projects\xeno\bin\release\intermediates\ftstroke.obj
e:\softwares\visualstudio projects\xeno\bin\release\intermediates\ga_stream.obj
e:\softwares\visualstudio projects\xeno\bin\release\intermediates\gau.obj
e:\softwares\visualstudio projects\xeno\bin\release\intermediates\ga.obj
e:\softwares\visualstudio projects\xeno\bin\release\intermediates\ga_openal.obj
e:\softwares\visualstudio projects\xeno\bin\release\intermediates\gc_thread.obj
e:\softwares\visualstudio projects\xeno\bin\release\intermediates\gc_common.obj
e:\softwares\visualstudio projects\xeno\bin\release\intermediates\winfnt.obj
e:\softwares\visualstudio projects\xeno\bin\release\intermediates\type42.obj
e:\softwares\visualstudio projects\xeno\bin\release\intermediates\type1.obj
e:\softwares\visualstudio projects\xeno\bin\release\intermediates\vec3.obj
e:\softwares\visualstudio projects\xeno\bin\release\intermediates\vec2.obj
e:\softwares\visualstudio projects\xeno\bin\release\intermediates\mat4.obj
e:\softwares\visualstudio projects\xeno\bin\release\intermediates\window.obj
e:\softwares\visualstudio projects\xeno\bin\release\intermediates\texture.obj
e:\softwares\visualstudio projects\xeno\bin\release\intermediates\static_sprite.obj
e:\softwares\visualstudio projects\xeno\bin\release\intermediates\sprite.obj
e:\softwares\visualstudio projects\xeno\bin\release\intermediates\shader.obj
e:\softwares\visualstudio projects\xeno\bin\release\intermediates\simple2drenderer.obj
e:\softwares\visualstudio projects\xeno\bin\release\intermediates\tilelayer.obj
e:\softwares\visualstudio projects\xeno\bin\release\intermediates\layer.obj
e:\softwares\visualstudio projects\xeno\bin\release\intermediates\group.obj
e:\softwares\visualstudio projects\xeno\bin\release\intermediates\label.obj
e:\softwares\visualstudio projects\xeno\bin\release\intermediates\font_manager.obj
e:\softwares\visualstudio projects\xeno\bin\release\intermediates\font.obj
e:\softwares\visualstudio projects\xeno\bin\release\intermediates\vertexarray.obj
e:\softwares\visualstudio projects\xeno\bin\release\intermediates\indexbuffer.obj
e:\softwares\visualstudio projects\xeno\bin\release\intermediates\buffer.obj
e:\softwares\visualstudio projects\xeno\bin\release\intermediates\batchrenderer2d.obj
e:\softwares\visualstudio projects\xeno\bin\release\intermediates\main.obj
e:\softwares\visualstudio projects\xeno\bin\release\intermediates\vec4.obj
e:\softwares\visualstudio projects\xeno\bin\release\intermediates\audio_manager.obj
e:\softwares\visualstudio projects\xeno\bin\release\intermediates\audio.obj
e:\softwares\visualstudio projects\xeno\bin\release\xeno-core.exe
e:\softwares\visualstudio projects\xeno\bin\release\xeno-core.ipdb
e:\softwares\visualstudio projects\xeno\bin\release\xeno-core.iobj
e:\softwares\visualstudio projects\xeno\bin\release\xeno-core.pdb
e:\softwares\visualstudio projects\xeno\bin\release\intermediates\xeno-core.tlog\cl.command.1.tlog
e:\softwares\visualstudio projects\xeno\bin\release\intermediates\xeno-core.tlog\cl.read.1.tlog
e:\softwares\visualstudio projects\xeno\bin\release\intermediates\xeno-core.tlog\cl.write.1.tlog
e:\softwares\visualstudio projects\xeno\bin\release\intermediates\xeno-core.tlog\link.command.1.tlog
e:\softwares\visualstudio projects\xeno\bin\release\intermediates\xeno-core.tlog\link.read.1.tlog
e:\softwares\visualstudio projects\xeno\bin\release\intermediates\xeno-core.tlog\link.write.1.tlog
