Build started 8/9/2017 7:18:04 PM.
     1>Project "D:\Visual Studio Projects\Xeno\Xeno-Core\Xeno-Core.vcxproj" on node 2 (Build target(s)).
     1>ClCompile:
         C:\Program Files (x86)\Microsoft Visual Studio 14.0\VC\bin\x86_amd64\CL.exe /c /Zi /nologo /W3 /WX- /sdl /O2 /Oi /GL /D _MBCS /Gm- /EHsc /MD /GS /Gy /fp:precise /Zc:wchar_t /Zc:forScope /Zc:inline /Fo"x64\Release\\" /Fd"x64\Release\vc140.pdb" /Gd /TC /errorReport:prompt "ext\freetype-gl\platform.c" "ext\freetype-gl\texture-atlas.c" "ext\freetype-gl\texture-font.c" "ext\freetype-gl\vector.c" ext\freetype\src\autofit\autofit.c ext\freetype\src\base\ftbase.c ext\freetype\src\base\ftbbox.c ext\freetype\src\base\ftbitmap.c ext\freetype\src\base\ftdebug.c ext\freetype\src\base\ftfntfmt.c ext\freetype\src\base\ftfstype.c ext\freetype\src\base\ftgasp.c ext\freetype\src\base\ftglyph.c ext\freetype\src\base\ftgxval.c ext\freetype\src\base\ftinit.c ext\freetype\src\base\ftlcdfil.c ext\freetype\src\base\ftmm.c ext\freetype\src\base\ftotval.c ext\freetype\src\base\ftpatent.c ext\freetype\src\base\ftpfr.c ext\freetype\src\base\ftstroke.c ext\freetype\src\base\ftsynth.c ext\freetype\src\base\ftsystem.c ext\freetype\src\base\fttype1.c ext\freetype\src\base\ftwinfnt.c ext\freetype\src\bdf\bdf.c ext\freetype\src\cache\ftcache.c ext\freetype\src\cff\cff.c ext\freetype\src\cid\type1cid.c ext\freetype\src\gzip\ftgzip.c ext\freetype\src\lzw\ftlzw.c ext\freetype\src\pcf\pcf.c ext\freetype\src\pfr\pfr.c ext\freetype\src\psaux\psaux.c ext\freetype\src\pshinter\pshinter.c ext\freetype\src\psnames\psmodule.c ext\freetype\src\raster\raster.c ext\freetype\src\sfnt\sfnt.c ext\freetype\src\smooth\smooth.c ext\freetype\src\truetype\truetype.c ext\freetype\src\type1\type1.c ext\freetype\src\type42\type42.c ext\freetype\src\winfonts\winfnt.c
         platform.c
         texture-atlas.c
     1>d:\visual studio projects\xeno\xeno-core\ext\freetype-gl\opengl.h(44): fatal error C1083: Cannot open include file: 'GL/glew.h': No such file or directory
         texture-font.c
     1>ext\freetype-gl\texture-font.c(34): fatal error C1083: Cannot open include file: 'ft2build.h': No such file or directory
         vector.c
         autofit.c
     1>ext\freetype\src\autofit\autofit.c(20): fatal error C1083: Cannot open include file: 'ft2build.h': No such file or directory
         ftbase.c
     1>ext\freetype\src\base\ftbase.c(19): fatal error C1083: Cannot open include file: 'ft2build.h': No such file or directory
         ftbbox.c
     1>ext\freetype\src\base\ftbbox.c(27): fatal error C1083: Cannot open include file: 'ft2build.h': No such file or directory
         ftbitmap.c
     1>ext\freetype\src\base\ftbitmap.c(19): fatal error C1083: Cannot open include file: 'ft2build.h': No such file or directory
         ftdebug.c
     1>ext\freetype\src\base\ftdebug.c(44): fatal error C1083: Cannot open include file: 'ft2build.h': No such file or directory
         ftfntfmt.c
     1>ext\freetype\src\base\ftfntfmt.c(19): fatal error C1083: Cannot open include file: 'ft2build.h': No such file or directory
         ftfstype.c
     1>ext\freetype\src\base\ftfstype.c(18): fatal error C1083: Cannot open include file: 'ft2build.h': No such file or directory
         ftgasp.c
     1>ext\freetype\src\base\ftgasp.c(19): fatal error C1083: Cannot open include file: 'ft2build.h': No such file or directory
         ftglyph.c
     1>ext\freetype\src\base\ftglyph.c(31): fatal error C1083: Cannot open include file: 'ft2build.h': No such file or directory
         ftgxval.c
     1>ext\freetype\src\base\ftgxval.c(28): fatal error C1083: Cannot open include file: 'ft2build.h': No such file or directory
         ftinit.c
     1>ext\freetype\src\base\ftinit.c(40): fatal error C1083: Cannot open include file: 'ft2build.h': No such file or directory
         ftlcdfil.c
     1>ext\freetype\src\base\ftlcdfil.c(19): fatal error C1083: Cannot open include file: 'ft2build.h': No such file or directory
         ftmm.c
     1>ext\freetype\src\base\ftmm.c(19): fatal error C1083: Cannot open include file: 'ft2build.h': No such file or directory
         ftotval.c
     1>ext\freetype\src\base\ftotval.c(18): fatal error C1083: Cannot open include file: 'ft2build.h': No such file or directory
         ftpatent.c
     1>ext\freetype\src\base\ftpatent.c(19): fatal error C1083: Cannot open include file: 'ft2build.h': No such file or directory
         ftpfr.c
     1>ext\freetype\src\base\ftpfr.c(18): fatal error C1083: Cannot open include file: 'ft2build.h': No such file or directory
         Compiling...
         ftstroke.c
     1>ext\freetype\src\base\ftstroke.c(19): fatal error C1083: Cannot open include file: 'ft2build.h': No such file or directory
         ftsynth.c
     1>ext\freetype\src\base\ftsynth.c(19): fatal error C1083: Cannot open include file: 'ft2build.h': No such file or directory
         ftsystem.c
     1>ext\freetype\src\base\ftsystem.c(28): fatal error C1083: Cannot open include file: 'ft2build.h': No such file or directory
         fttype1.c
     1>ext\freetype\src\base\fttype1.c(19): fatal error C1083: Cannot open include file: 'ft2build.h': No such file or directory
         ftwinfnt.c
     1>ext\freetype\src\base\ftwinfnt.c(19): fatal error C1083: Cannot open include file: 'ft2build.h': No such file or directory
         bdf.c
     1>ext\freetype\src\bdf\bdf.c(29): fatal error C1083: Cannot open include file: 'ft2build.h': No such file or directory
         ftcache.c
     1>ext\freetype\src\cache\ftcache.c(21): fatal error C1083: Cannot open include file: 'ft2build.h': No such file or directory
         cff.c
     1>ext\freetype\src\cff\cff.c(21): fatal error C1083: Cannot open include file: 'ft2build.h': No such file or directory
         type1cid.c
     1>ext\freetype\src\cid\type1cid.c(21): fatal error C1083: Cannot open include file: 'ft2build.h': No such file or directory
         ftgzip.c
     1>ext\freetype\src\gzip\ftgzip.c(23): fatal error C1083: Cannot open include file: 'ft2build.h': No such file or directory
         ftlzw.c
     1>ext\freetype\src\lzw\ftlzw.c(24): fatal error C1083: Cannot open include file: 'ft2build.h': No such file or directory
         pcf.c
     1>ext\freetype\src\pcf\pcf.c(31): fatal error C1083: Cannot open include file: 'ft2build.h': No such file or directory
         pfr.c
     1>ext\freetype\src\pfr\pfr.c(20): fatal error C1083: Cannot open include file: 'ft2build.h': No such file or directory
         psaux.c
     1>ext\freetype\src\psaux\psaux.c(21): fatal error C1083: Cannot open include file: 'ft2build.h': No such file or directory
         pshinter.c
     1>ext\freetype\src\pshinter\pshinter.c(21): fatal error C1083: Cannot open include file: 'ft2build.h': No such file or directory
         psmodule.c
     1>ext\freetype\src\psnames\psmodule.c(19): fatal error C1083: Cannot open include file: 'ft2build.h': No such file or directory
         raster.c
     1>ext\freetype\src\raster\raster.c(21): fatal error C1083: Cannot open include file: 'ft2build.h': No such file or directory
         sfnt.c
     1>ext\freetype\src\sfnt\sfnt.c(21): fatal error C1083: Cannot open include file: 'ft2build.h': No such file or directory
         smooth.c
     1>ext\freetype\src\smooth\smooth.c(21): fatal error C1083: Cannot open include file: 'ft2build.h': No such file or directory
         truetype.c
     1>ext\freetype\src\truetype\truetype.c(21): fatal error C1083: Cannot open include file: 'ft2build.h': No such file or directory
         Compiling...
         type1.c
     1>ext\freetype\src\type1\type1.c(21): fatal error C1083: Cannot open include file: 'ft2build.h': No such file or directory
         type42.c
     1>ext\freetype\src\type42\type42.c(20): fatal error C1083: Cannot open include file: 'ft2build.h': No such file or directory
         winfnt.c
     1>ext\freetype\src\winfonts\winfnt.c(21): fatal error C1083: Cannot open include file: 'ft2build.h': No such file or directory
     1>Done Building Project "D:\Visual Studio Projects\Xeno\Xeno-Core\Xeno-Core.vcxproj" (Build target(s)) -- FAILED.

Build FAILED.

Time Elapsed 00:00:05.08
