e:\softwares\visualstudio projects\xeno\bin\debug\intermediates\vc140.pdb
e:\softwares\visualstudio projects\xeno\bin\debug\intermediates\vc140.idb
e:\softwares\visualstudio projects\xeno\bin\debug\intermediates\fttype1.obj
e:\softwares\visualstudio projects\xeno\bin\debug\intermediates\ftwinfnt.obj
e:\softwares\visualstudio projects\xeno\bin\debug\intermediates\bdf.obj
e:\softwares\visualstudio projects\xeno\bin\debug\intermediates\ftcache.obj
e:\softwares\visualstudio projects\xeno\bin\debug\intermediates\cff.obj
e:\softwares\visualstudio projects\xeno\bin\debug\intermediates\type1cid.obj
e:\softwares\visualstudio projects\xeno\bin\debug\intermediates\ftgzip.obj
e:\softwares\visualstudio projects\xeno\bin\debug\intermediates\ftlzw.obj
e:\softwares\visualstudio projects\xeno\bin\debug\intermediates\pcf.obj
e:\softwares\visualstudio projects\xeno\bin\debug\intermediates\pfr.obj
e:\softwares\visualstudio projects\xeno\bin\debug\intermediates\psaux.obj
e:\softwares\visualstudio projects\xeno\bin\debug\intermediates\pshinter.obj
e:\softwares\visualstudio projects\xeno\bin\debug\intermediates\psmodule.obj
e:\softwares\visualstudio projects\xeno\bin\debug\intermediates\raster.obj
e:\softwares\visualstudio projects\xeno\bin\debug\intermediates\sfnt.obj
e:\softwares\visualstudio projects\xeno\bin\debug\intermediates\smooth.obj
e:\softwares\visualstudio projects\xeno\bin\debug\intermediates\truetype.obj
e:\softwares\visualstudio projects\xeno\bin\debug\intermediates\type1.obj
e:\softwares\visualstudio projects\xeno\bin\debug\intermediates\type42.obj
e:\softwares\visualstudio projects\xeno\bin\debug\intermediates\winfnt.obj
e:\softwares\visualstudio projects\xeno\bin\debug\intermediates\vector.obj
e:\softwares\visualstudio projects\xeno\bin\debug\intermediates\autofit.obj
e:\softwares\visualstudio projects\xeno\bin\debug\intermediates\ftbase.obj
e:\softwares\visualstudio projects\xeno\bin\debug\intermediates\ftbbox.obj
e:\softwares\visualstudio projects\xeno\bin\debug\intermediates\ftbitmap.obj
e:\softwares\visualstudio projects\xeno\bin\debug\intermediates\ftdebug.obj
e:\softwares\visualstudio projects\xeno\bin\debug\intermediates\ftfntfmt.obj
e:\softwares\visualstudio projects\xeno\bin\debug\intermediates\ftfstype.obj
e:\softwares\visualstudio projects\xeno\bin\debug\intermediates\ftgasp.obj
e:\softwares\visualstudio projects\xeno\bin\debug\intermediates\ftglyph.obj
e:\softwares\visualstudio projects\xeno\bin\debug\intermediates\ftgxval.obj
e:\softwares\visualstudio projects\xeno\bin\debug\intermediates\ftinit.obj
e:\softwares\visualstudio projects\xeno\bin\debug\intermediates\ftlcdfil.obj
e:\softwares\visualstudio projects\xeno\bin\debug\intermediates\ftmm.obj
e:\softwares\visualstudio projects\xeno\bin\debug\intermediates\ftotval.obj
e:\softwares\visualstudio projects\xeno\bin\debug\intermediates\ftpatent.obj
e:\softwares\visualstudio projects\xeno\bin\debug\intermediates\ftpfr.obj
e:\softwares\visualstudio projects\xeno\bin\debug\intermediates\ftstroke.obj
e:\softwares\visualstudio projects\xeno\bin\debug\intermediates\ftsynth.obj
e:\softwares\visualstudio projects\xeno\bin\debug\intermediates\ftsystem.obj
e:\softwares\visualstudio projects\xeno\bin\debug\intermediates\platform.obj
e:\softwares\visualstudio projects\xeno\bin\debug\intermediates\texture-atlas.obj
e:\softwares\visualstudio projects\xeno\bin\debug\intermediates\texture-font.obj
e:\softwares\visualstudio projects\xeno\bin\debug\intermediates\utf8-utils.obj
e:\softwares\visualstudio projects\xeno\bin\debug\intermediates\xeno-core.tlog\cl.command.1.tlog
e:\softwares\visualstudio projects\xeno\bin\debug\intermediates\xeno-core.tlog\cl.read.1.tlog
e:\softwares\visualstudio projects\xeno\bin\debug\intermediates\xeno-core.tlog\cl.write.1.tlog
